{
  "stats": {
    "suites": 1,
    "tests": 1,
    "passes": 1,
    "pending": 0,
    "failures": 0,
    "start": "2021-09-22T20:40:31.905Z",
    "end": "2021-09-22T20:40:37.218Z",
    "duration": 5313,
    "testsRegistered": 1,
    "passPercent": 100,
    "pendingPercent": 0,
    "other": 0,
    "hasOther": false,
    "skipped": 0,
    "hasSkipped": false
  },
  "results": [
    {
      "uuid": "e25b13ed-3ae8-4136-95ea-9dd3aacb5cff",
      "title": "",
      "fullFile": "cypress/integration/TOOLS/commands.spec.js",
      "file": "cypress/integration/TOOLS/commands.spec.js",
      "beforeHooks": [],
      "afterHooks": [],
      "tests": [],
      "suites": [
        {
          "uuid": "543b27fa-7b9d-4396-a442-30e7b92a8b83",
          "title": " Commands",
          "fullFile": "",
          "file": "",
          "beforeHooks": [],
          "afterHooks": [],
          "tests": [
            {
              "title": "child, parenrt",
              "fullTitle": " Commands child, parenrt",
              "timedOut": null,
              "duration": 2687,
              "state": "passed",
              "speed": "slow",
              "pass": true,
              "fail": false,
              "pending": false,
              "context": null,
              "code": "cy.visit(\"https://www.bbc.co.uk/sport/cricket\");",
              "err": {},
              "uuid": "63374028-45c8-49c2-acc9-b33656b65500",
              "parentUUID": "543b27fa-7b9d-4396-a442-30e7b92a8b83",
              "isHook": false,
              "skipped": false
            }
          ],
          "suites": [],
          "passes": [
            "63374028-45c8-49c2-acc9-b33656b65500"
          ],
          "failures": [],
          "pending": [],
          "skipped": [],
          "duration": 2687,
          "root": false,
          "rootEmpty": false,
          "_timeout": 2000
        }
      ],
      "passes": [],
      "failures": [],
      "pending": [],
      "skipped": [],
      "duration": 0,
      "root": true,
      "rootEmpty": true,
      "_timeout": 2000
    }
  ],
  "meta": {
    "mocha": {
      "version": "7.0.1"
    },
    "mochawesome": {
      "options": {
        "quiet": false,
        "reportFilename": "mochawesome",
        "saveHtml": false,
        "saveJson": true,
        "consoleReporter": "spec",
        "useInlineDiffs": false,
        "code": true
      },
      "version": "6.2.2"
    },
    "marge": {
      "options": {
        "id": "default",
        "mochaFile": "cypress/results/test-results.[hash].xml",
        "reportDir": "cypress/reports/mocha",
        "quite": true,
        "overwrite": false,
        "html": false,
        "json": true
      },
      "version": "5.2.0"
    }
  }
}