{
  "stats": {
    "suites": 1,
    "tests": 2,
    "passes": 2,
    "pending": 0,
    "failures": 0,
    "start": "2021-09-22T20:40:42.656Z",
    "end": "2021-09-22T20:40:47.180Z",
    "duration": 4524,
    "testsRegistered": 2,
    "passPercent": 100,
    "pendingPercent": 0,
    "other": 0,
    "hasOther": false,
    "skipped": 0,
    "hasSkipped": false
  },
  "results": [
    {
      "uuid": "b543a9ea-3bc2-459a-be13-8e2e634c6959",
      "title": "",
      "fullFile": "cypress/integration/TOOLS/TilteViewPort.spec.js",
      "file": "cypress/integration/TOOLS/TilteViewPort.spec.js",
      "beforeHooks": [],
      "afterHooks": [],
      "tests": [],
      "suites": [
        {
          "uuid": "0f99ca14-c7a1-410e-9a59-f439adc482cd",
          "title": "SUite",
          "fullFile": "",
          "file": "",
          "beforeHooks": [],
          "afterHooks": [],
          "tests": [
            {
              "title": "title",
              "fullTitle": "SUite title",
              "timedOut": null,
              "duration": 2503,
              "state": "passed",
              "speed": "slow",
              "pass": true,
              "fail": false,
              "pending": false,
              "context": null,
              "code": "cy.title().then(txt => {\n  cy.log(txt);\n});\ncy.log(cy.title());",
              "err": {},
              "uuid": "08cd6323-2923-4d80-a582-52e693104344",
              "parentUUID": "0f99ca14-c7a1-410e-9a59-f439adc482cd",
              "isHook": false,
              "skipped": false
            },
            {
              "title": "viewport ",
              "fullTitle": "SUite viewport ",
              "timedOut": null,
              "duration": 120,
              "state": "passed",
              "speed": "slow",
              "pass": true,
              "fail": false,
              "pending": false,
              "context": null,
              "code": "cy.viewport('ipad-2', 'landscape');",
              "err": {},
              "uuid": "5a7261da-65cb-4549-b966-3e9f844d4764",
              "parentUUID": "0f99ca14-c7a1-410e-9a59-f439adc482cd",
              "isHook": false,
              "skipped": false
            }
          ],
          "suites": [],
          "passes": [
            "08cd6323-2923-4d80-a582-52e693104344",
            "5a7261da-65cb-4549-b966-3e9f844d4764"
          ],
          "failures": [],
          "pending": [],
          "skipped": [],
          "duration": 2623,
          "root": false,
          "rootEmpty": false,
          "_timeout": 2000
        }
      ],
      "passes": [],
      "failures": [],
      "pending": [],
      "skipped": [],
      "duration": 0,
      "root": true,
      "rootEmpty": true,
      "_timeout": 2000
    }
  ],
  "meta": {
    "mocha": {
      "version": "7.0.1"
    },
    "mochawesome": {
      "options": {
        "quiet": false,
        "reportFilename": "mochawesome",
        "saveHtml": false,
        "saveJson": true,
        "consoleReporter": "spec",
        "useInlineDiffs": false,
        "code": true
      },
      "version": "6.2.2"
    },
    "marge": {
      "options": {
        "id": "default",
        "mochaFile": "cypress/results/test-results.[hash].xml",
        "reportDir": "cypress/reports/mocha",
        "quite": true,
        "overwrite": false,
        "html": false,
        "json": true
      },
      "version": "5.2.0"
    }
  }
}