{
  "stats": {
    "suites": 1,
    "tests": 1,
    "passes": 1,
    "pending": 0,
    "failures": 0,
    "start": "2021-09-23T20:26:51.885Z",
    "end": "2021-09-23T20:26:56.524Z",
    "duration": 4639,
    "testsRegistered": 1,
    "passPercent": 100,
    "pendingPercent": 0,
    "other": 0,
    "hasOther": false,
    "skipped": 0,
    "hasSkipped": false
  },
  "results": [
    {
      "uuid": "f73bb4b6-a051-4985-95ca-43563832f8e5",
      "title": "",
      "fullFile": "cypress/integration/TOOLS/commands.spec.js",
      "file": "cypress/integration/TOOLS/commands.spec.js",
      "beforeHooks": [],
      "afterHooks": [],
      "tests": [],
      "suites": [
        {
          "uuid": "6f80e216-be44-4dd1-9413-898db7bfd3ab",
          "title": " Commands",
          "fullFile": "",
          "file": "",
          "beforeHooks": [],
          "afterHooks": [],
          "tests": [
            {
              "title": "child, parenrt",
              "fullTitle": " Commands child, parenrt",
              "timedOut": null,
              "duration": 2337,
              "state": "passed",
              "speed": "slow",
              "pass": true,
              "fail": false,
              "pending": false,
              "context": null,
              "code": "cy.visit(\"https://www.bbc.co.uk/sport/cricket\");",
              "err": {},
              "uuid": "b70c850c-9ce9-45a8-837f-8b06d11ceedc",
              "parentUUID": "6f80e216-be44-4dd1-9413-898db7bfd3ab",
              "isHook": false,
              "skipped": false
            }
          ],
          "suites": [],
          "passes": [
            "b70c850c-9ce9-45a8-837f-8b06d11ceedc"
          ],
          "failures": [],
          "pending": [],
          "skipped": [],
          "duration": 2337,
          "root": false,
          "rootEmpty": false,
          "_timeout": 2000
        }
      ],
      "passes": [],
      "failures": [],
      "pending": [],
      "skipped": [],
      "duration": 0,
      "root": true,
      "rootEmpty": true,
      "_timeout": 2000
    }
  ],
  "meta": {
    "mocha": {
      "version": "7.0.1"
    },
    "mochawesome": {
      "options": {
        "quiet": false,
        "reportFilename": "mochawesome",
        "saveHtml": false,
        "saveJson": true,
        "consoleReporter": "spec",
        "useInlineDiffs": false,
        "code": true
      },
      "version": "6.2.2"
    },
    "marge": {
      "options": {
        "id": "default",
        "mochaFile": "cypress/results/test-results.[hash].xml",
        "reportDir": "cypress/reports/mocha",
        "quite": true,
        "overwrite": false,
        "html": false,
        "json": true
      },
      "version": "5.2.0"
    }
  }
}